# JRE version: OpenJDK Runtime Environment (8.0_202-b03) (build 1.8.0_202-release-1483-b03)
# Java VM: OpenJDK 64-Bit Server VM (25.202-b03 mixed mode windows-amd64 compressed oops)
Heap:
 PSYoungGen      total 71680K, used 46529K [0x00000000d5c00000, 0x00000000dc100000, 0x0000000100000000)
  eden space 66560K, 62% used [0x00000000d5c00000,0x00000000d8476fa8,0x00000000d9d00000)
  from space 5120K, 99% used [0x00000000d9d00000,0x00000000da1f97a8,0x00000000da200000)
  to   space 15872K, 0% used [0x00000000db180000,0x00000000db180000,0x00000000dc100000)
 ParOldGen       total 66048K, used 22880K [0x0000000081400000, 0x0000000085480000, 0x00000000d5c00000)
  object space 66048K, 34% used [0x0000000081400000,0x0000000082a58028,0x0000000085480000)
 Metaspace       used 31090K, capacity 31510K, committed 31872K, reserved 1077248K
  class space    used 3830K, capacity 3960K, committed 3968K, reserved 1048576K
GC Heap History (10 events):
Event: 2.429 GC heap before
{Heap before GC invocations=2 (full 0):
 PSYoungGen      total 38400K, used 38372K [0x00000000d5c00000, 0x00000000d8680000, 0x0000000100000000)
  eden space 33280K, 100% used [0x00000000d5c00000,0x00000000d7c80000,0x00000000d7c80000)
  from space 5120K, 99% used [0x00000000d7c80000,0x00000000d81790b8,0x00000000d8180000)
  to   space 5120K, 0% used [0x00000000d8180000,0x00000000d8180000,0x00000000d8680000)
 ParOldGen       total 87552K, used 3043K [0x0000000081400000, 0x0000000086980000, 0x00000000d5c00000)
  object space 87552K, 3% used [0x0000000081400000,0x00000000816f8d10,0x0000000086980000)
 Metaspace       used 17351K, capacity 17594K, committed 18048K, reserved 1064960K
  class space    used 2059K, capacity 2117K, committed 2176K, reserved 1048576K
Event: 2.452 GC heap after
Heap after GC invocations=2 (full 0):
 PSYoungGen      total 38400K, used 5119K [0x00000000d5c00000, 0x00000000da700000, 0x0000000100000000)
  eden space 33280K, 0% used [0x00000000d5c00000,0x00000000d5c00000,0x00000000d7c80000)
  from space 5120K, 99% used [0x00000000d8180000,0x00000000d867ffc0,0x00000000d8680000)
  to   space 5120K, 0% used [0x00000000d7c80000,0x00000000d7c80000,0x00000000d8180000)
 ParOldGen       total 87552K, used 8304K [0x0000000081400000, 0x0000000086980000, 0x00000000d5c00000)
  object space 87552K, 9% used [0x0000000081400000,0x0000000081c1c328,0x0000000086980000)
 Metaspace       used 17351K, capacity 17594K, committed 18048K, reserved 1064960K
  class space    used 2059K, capacity 2117K, committed 2176K, reserved 1048576K
}
Event: 2.898 GC heap before
{Heap before GC invocations=3 (full 0):
 PSYoungGen      total 38400K, used 20684K [0x00000000d5c00000, 0x00000000da700000, 0x0000000100000000)
  eden space 33280K, 46% used [0x00000000d5c00000,0x00000000d6b330a8,0x00000000d7c80000)
  from space 5120K, 99% used [0x00000000d8180000,0x00000000d867ffc0,0x00000000d8680000)
  to   space 5120K, 0% used [0x00000000d7c80000,0x00000000d7c80000,0x00000000d8180000)
 ParOldGen       total 87552K, used 8304K [0x0000000081400000, 0x0000000086980000, 0x00000000d5c00000)
  object space 87552K, 9% used [0x0000000081400000,0x0000000081c1c328,0x0000000086980000)
 Metaspace       used 20718K, capacity 21018K, committed 21248K, reserved 1067008K
  class space    used 2640K, capacity 2765K, committed 2816K, reserved 1048576K
Event: 2.911 GC heap after
Heap after GC invocations=3 (full 0):
 PSYoungGen      total 38400K, used 5103K [0x00000000d5c00000, 0x00000000da700000, 0x0000000100000000)
  eden space 33280K, 0% used [0x00000000d5c00000,0x00000000d5c00000,0x00000000d7c80000)
  from space 5120K, 99% used [0x00000000d7c80000,0x00000000d817bf80,0x00000000d8180000)
  to   space 5120K, 0% used [0x00000000da200000,0x00000000da200000,0x00000000da700000)
 ParOldGen       total 87552K, used 11951K [0x0000000081400000, 0x0000000086980000, 0x00000000d5c00000)
  object space 87552K, 13% used [0x0000000081400000,0x0000000081fabc38,0x0000000086980000)
 Metaspace       used 20718K, capacity 21018K, committed 21248K, reserved 1067008K
  class space    used 2640K, capacity 2765K, committed 2816K, reserved 1048576K
}
Event: 2.911 GC heap before
{Heap before GC invocations=4 (full 1):
 PSYoungGen      total 38400K, used 5103K [0x00000000d5c00000, 0x00000000da700000, 0x0000000100000000)
  eden space 33280K, 0% used [0x00000000d5c00000,0x00000000d5c00000,0x00000000d7c80000)
  from space 5120K, 99% used [0x00000000d7c80000,0x00000000d817bf80,0x00000000d8180000)
  to   space 5120K, 0% used [0x00000000da200000,0x00000000da200000,0x00000000da700000)
 ParOldGen       total 87552K, used 11951K [0x0000000081400000, 0x0000000086980000, 0x00000000d5c00000)
  object space 87552K, 13% used [0x0000000081400000,0x0000000081fabc38,0x0000000086980000)
 Metaspace       used 20718K, capacity 21018K, committed 21248K, reserved 1067008K
  class space    used 2640K, capacity 2765K, committed 2816K, reserved 1048576K
Event: 2.962 GC heap after
Heap after GC invocations=4 (full 1):
 PSYoungGen      total 38400K, used 0K [0x00000000d5c00000, 0x00000000da700000, 0x0000000100000000)
  eden space 33280K, 0% used [0x00000000d5c00000,0x00000000d5c00000,0x00000000d7c80000)
  from space 5120K, 0% used [0x00000000d7c80000,0x00000000d7c80000,0x00000000d8180000)
  to   space 5120K, 0% used [0x00000000da200000,0x00000000da200000,0x00000000da700000)
 ParOldGen       total 66048K, used 10269K [0x0000000081400000, 0x0000000085480000, 0x00000000d5c00000)
  object space 66048K, 15% used [0x0000000081400000,0x0000000081e07628,0x0000000085480000)
 Metaspace       used 20718K, capacity 21018K, committed 21248K, reserved 1067008K
  class space    used 2640K, capacity 2765K, committed 2816K, reserved 1048576K
}
Event: 4.629 GC heap before
{Heap before GC invocations=5 (full 1):
 PSYoungGen      total 38400K, used 33280K [0x00000000d5c00000, 0x00000000da700000, 0x0000000100000000)
  eden space 33280K, 100% used [0x00000000d5c00000,0x00000000d7c80000,0x00000000d7c80000)
  from space 5120K, 0% used [0x00000000d7c80000,0x00000000d7c80000,0x00000000d8180000)
  to   space 5120K, 0% used [0x00000000da200000,0x00000000da200000,0x00000000da700000)
 ParOldGen       total 66048K, used 10269K [0x0000000081400000, 0x0000000085480000, 0x00000000d5c00000)
  object space 66048K, 15% used [0x0000000081400000,0x0000000081e07628,0x0000000085480000)
 Metaspace       used 21232K, capacity 21579K, committed 21760K, reserved 1069056K
  class space    used 2684K, capacity 2808K, committed 2816K, reserved 1048576K
Event: 4.647 GC heap after
Heap after GC invocations=5 (full 1):
 PSYoungGen      total 54272K, used 5116K [0x00000000d5c00000, 0x00000000da700000, 0x0000000100000000)
  eden space 49152K, 0% used [0x00000000d5c00000,0x00000000d5c00000,0x00000000d8c00000)
  from space 5120K, 99% used [0x00000000da200000,0x00000000da6ff0e8,0x00000000da700000)
  to   space 5120K, 0% used [0x00000000d9d00000,0x00000000d9d00000,0x00000000da200000)
 ParOldGen       total 66048K, used 11663K [0x0000000081400000, 0x0000000085480000, 0x00000000d5c00000)
  object space 66048K, 17% used [0x0000000081400000,0x0000000081f63f18,0x0000000085480000)
 Metaspace       used 21232K, capacity 21579K, committed 21760K, reserved 1069056K
  class space    used 2684K, capacity 2808K, committed 2816K, reserved 1048576K
}
Event: 6.095 GC heap before
{Heap before GC invocations=6 (full 1):
 PSYoungGen      total 54272K, used 54268K [0x00000000d5c00000, 0x00000000da700000, 0x0000000100000000)
  eden space 49152K, 100% used [0x00000000d5c00000,0x00000000d8c00000,0x00000000d8c00000)
  from space 5120K, 99% used [0x00000000da200000,0x00000000da6ff0e8,0x00000000da700000)
  to   space 5120K, 0% used [0x00000000d9d00000,0x00000000d9d00000,0x00000000da200000)
 ParOldGen       total 66048K, used 11663K [0x0000000081400000, 0x0000000085480000, 0x00000000d5c00000)
  object space 66048K, 17% used [0x0000000081400000,0x0000000081f63f18,0x0000000085480000)
 Metaspace       used 26159K, capacity 26556K, committed 27008K, reserved 1073152K
  class space    used 3258K, capacity 3391K, committed 3456K, reserved 1048576K
Event: 6.109 GC heap after
Heap after GC invocations=6 (full 1):
 PSYoungGen      total 71680K, used 5093K [0x00000000d5c00000, 0x00000000dc100000, 0x0000000100000000)
  eden space 66560K, 0% used [0x00000000d5c00000,0x00000000d5c00000,0x00000000d9d00000)
  from space 5120K, 99% used [0x00000000d9d00000,0x00000000da1f97a8,0x00000000da200000)
  to   space 15872K, 0% used [0x00000000db180000,0x00000000db180000,0x00000000dc100000)
 ParOldGen       total 66048K, used 22880K [0x0000000081400000, 0x0000000085480000, 0x00000000d5c00000)
  object space 66048K, 34% used [0x0000000081400000,0x0000000082a58028,0x0000000085480000)
 Metaspace       used 26159K, capacity 26556K, committed 27008K, reserved 1073152K
  class space    used 3258K, capacity 3391K, committed 3456K, reserved 1048576K
}

