# JRE version: OpenJDK Runtime Environment (8.0_202-b03) (build 1.8.0_202-release-1483-b03)
# Java VM: OpenJDK 64-Bit Server VM (25.202-b03 mixed mode windows-amd64 compressed oops)
Heap:
 PSYoungGen      total 68608K, used 31953K [0x00000000e0000000, 0x00000000e5c80000, 0x0000000100000000)
  eden space 52736K, 30% used [0x00000000e0000000,0x00000000e0fb9c38,0x00000000e3380000)
  from space 15872K, 99% used [0x00000000e4280000,0x00000000e51fa878,0x00000000e5200000)
  to   space 15360K, 0% used [0x00000000e3380000,0x00000000e3380000,0x00000000e4280000)
 ParOldGen       total 71168K, used 22571K [0x00000000a0000000, 0x00000000a4580000, 0x00000000e0000000)
  object space 71168K, 31% used [0x00000000a0000000,0x00000000a160acf0,0x00000000a4580000)
 Metaspace       used 43498K, capacity 44240K, committed 44544K, reserved 1087488K
  class space    used 5420K, capacity 5597K, committed 5632K, reserved 1048576K
GC Heap History (10 events):
Event: 12.235 GC heap before
{Heap before GC invocations=9 (full 2):
 PSYoungGen      total 40960K, used 40933K [0x00000000e0000000, 0x00000000e4c00000, 0x0000000100000000)
  eden space 35840K, 100% used [0x00000000e0000000,0x00000000e2300000,0x00000000e2300000)
  from space 5120K, 99% used [0x00000000e3180000,0x00000000e36797a8,0x00000000e3680000)
  to   space 14848K, 0% used [0x00000000e2300000,0x00000000e2300000,0x00000000e3180000)
 ParOldGen       total 71168K, used 25819K [0x00000000a0000000, 0x00000000a4580000, 0x00000000e0000000)
  object space 71168K, 36% used [0x00000000a0000000,0x00000000a1936dc0,0x00000000a4580000)
 Metaspace       used 34385K, capacity 34928K, committed 35456K, reserved 1081344K
  class space    used 4235K, capacity 4371K, committed 4480K, reserved 1048576K
Event: 12.256 GC heap after
Heap after GC invocations=9 (full 2):
 PSYoungGen      total 50688K, used 13069K [0x00000000e0000000, 0x00000000e5200000, 0x0000000100000000)
  eden space 35840K, 0% used [0x00000000e0000000,0x00000000e0000000,0x00000000e2300000)
  from space 14848K, 88% used [0x00000000e2300000,0x00000000e2fc3650,0x00000000e3180000)
  to   space 15872K, 0% used [0x00000000e4280000,0x00000000e4280000,0x00000000e5200000)
 ParOldGen       total 71168K, used 25819K [0x00000000a0000000, 0x00000000a4580000, 0x00000000e0000000)
  object space 71168K, 36% used [0x00000000a0000000,0x00000000a1936dc0,0x00000000a4580000)
 Metaspace       used 34385K, capacity 34928K, committed 35456K, reserved 1081344K
  class space    used 4235K, capacity 4371K, committed 4480K, reserved 1048576K
}
Event: 12.359 GC heap before
{Heap before GC invocations=10 (full 2):
 PSYoungGen      total 50688K, used 15889K [0x00000000e0000000, 0x00000000e5200000, 0x0000000100000000)
  eden space 35840K, 7% used [0x00000000e0000000,0x00000000e02c11a8,0x00000000e2300000)
  from space 14848K, 88% used [0x00000000e2300000,0x00000000e2fc3650,0x00000000e3180000)
  to   space 15872K, 0% used [0x00000000e4280000,0x00000000e4280000,0x00000000e5200000)
 ParOldGen       total 71168K, used 25819K [0x00000000a0000000, 0x00000000a4580000, 0x00000000e0000000)
  object space 71168K, 36% used [0x00000000a0000000,0x00000000a1936dc0,0x00000000a4580000)
 Metaspace       used 34586K, capacity 35090K, committed 35456K, reserved 1081344K
  class space    used 4260K, capacity 4404K, committed 4480K, reserved 1048576K
Event: 12.376 GC heap after
Heap after GC invocations=10 (full 2):
 PSYoungGen      total 68608K, used 8989K [0x00000000e0000000, 0x00000000e5c80000, 0x0000000100000000)
  eden space 52736K, 0% used [0x00000000e0000000,0x00000000e0000000,0x00000000e3380000)
  from space 15872K, 56% used [0x00000000e4280000,0x00000000e4b47678,0x00000000e5200000)
  to   space 15360K, 0% used [0x00000000e3380000,0x00000000e3380000,0x00000000e4280000)
 ParOldGen       total 71168K, used 25827K [0x00000000a0000000, 0x00000000a4580000, 0x00000000e0000000)
  object space 71168K, 36% used [0x00000000a0000000,0x00000000a1938dc0,0x00000000a4580000)
 Metaspace       used 34586K, capacity 35090K, committed 35456K, reserved 1081344K
  class space    used 4260K, capacity 4404K, committed 4480K, reserved 1048576K
}
Event: 12.376 GC heap before
{Heap before GC invocations=11 (full 3):
 PSYoungGen      total 68608K, used 8989K [0x00000000e0000000, 0x00000000e5c80000, 0x0000000100000000)
  eden space 52736K, 0% used [0x00000000e0000000,0x00000000e0000000,0x00000000e3380000)
  from space 15872K, 56% used [0x00000000e4280000,0x00000000e4b47678,0x00000000e5200000)
  to   space 15360K, 0% used [0x00000000e3380000,0x00000000e3380000,0x00000000e4280000)
 ParOldGen       total 71168K, used 25827K [0x00000000a0000000, 0x00000000a4580000, 0x00000000e0000000)
  object space 71168K, 36% used [0x00000000a0000000,0x00000000a1938dc0,0x00000000a4580000)
 Metaspace       used 34586K, capacity 35090K, committed 35456K, reserved 1081344K
  class space    used 4260K, capacity 4404K, committed 4480K, reserved 1048576K
Event: 12.575 GC heap after
Heap after GC invocations=11 (full 3):
 PSYoungGen      total 68608K, used 0K [0x00000000e0000000, 0x00000000e5c80000, 0x0000000100000000)
  eden space 52736K, 0% used [0x00000000e0000000,0x00000000e0000000,0x00000000e3380000)
  from space 15872K, 0% used [0x00000000e4280000,0x00000000e4280000,0x00000000e5200000)
  to   space 15360K, 0% used [0x00000000e3380000,0x00000000e3380000,0x00000000e4280000)
 ParOldGen       total 71168K, used 22517K [0x00000000a0000000, 0x00000000a4580000, 0x00000000e0000000)
  object space 71168K, 31% used [0x00000000a0000000,0x00000000a15fd580,0x00000000a4580000)
 Metaspace       used 34586K, capacity 35090K, committed 35456K, reserved 1081344K
  class space    used 4260K, capacity 4404K, committed 4480K, reserved 1048576K
}
Event: 14.231 GC heap before
{Heap before GC invocations=12 (full 3):
 PSYoungGen      total 68608K, used 52736K [0x00000000e0000000, 0x00000000e5c80000, 0x0000000100000000)
  eden space 52736K, 100% used [0x00000000e0000000,0x00000000e3380000,0x00000000e3380000)
  from space 15872K, 0% used [0x00000000e4280000,0x00000000e4280000,0x00000000e5200000)
  to   space 15360K, 0% used [0x00000000e3380000,0x00000000e3380000,0x00000000e4280000)
 ParOldGen       total 71168K, used 22517K [0x00000000a0000000, 0x00000000a4580000, 0x00000000e0000000)
  object space 71168K, 31% used [0x00000000a0000000,0x00000000a15fd580,0x00000000a4580000)
 Metaspace       used 41102K, capacity 41734K, committed 42240K, reserved 1085440K
  class space    used 5166K, capacity 5316K, committed 5376K, reserved 1048576K
Event: 14.247 GC heap after
Heap after GC invocations=12 (full 3):
 PSYoungGen      total 68096K, used 11954K [0x00000000e0000000, 0x00000000e5c80000, 0x0000000100000000)
  eden space 52736K, 0% used [0x00000000e0000000,0x00000000e0000000,0x00000000e3380000)
  from space 15360K, 77% used [0x00000000e3380000,0x00000000e3f2cae8,0x00000000e4280000)
  to   space 15872K, 0% used [0x00000000e4280000,0x00000000e4280000,0x00000000e5200000)
 ParOldGen       total 71168K, used 22536K [0x00000000a0000000, 0x00000000a4580000, 0x00000000e0000000)
  object space 71168K, 31% used [0x00000000a0000000,0x00000000a16022a0,0x00000000a4580000)
 Metaspace       used 41102K, capacity 41734K, committed 42240K, reserved 1085440K
  class space    used 5166K, capacity 5316K, committed 5376K, reserved 1048576K
}
Event: 15.476 GC heap before
{Heap before GC invocations=13 (full 3):
 PSYoungGen      total 68096K, used 64547K [0x00000000e0000000, 0x00000000e5c80000, 0x0000000100000000)
  eden space 52736K, 99% used [0x00000000e0000000,0x00000000e335c400,0x00000000e3380000)
  from space 15360K, 77% used [0x00000000e3380000,0x00000000e3f2cae8,0x00000000e4280000)
  to   space 15872K, 0% used [0x00000000e4280000,0x00000000e4280000,0x00000000e5200000)
 ParOldGen       total 71168K, used 22536K [0x00000000a0000000, 0x00000000a4580000, 0x00000000e0000000)
  object space 71168K, 31% used [0x00000000a0000000,0x00000000a16022a0,0x00000000a4580000)
 Metaspace       used 43046K, capacity 43772K, committed 44288K, reserved 1087488K
  class space    used 5395K, capacity 5583K, committed 5632K, reserved 1048576K
Event: 15.500 GC heap after
Heap after GC invocations=13 (full 3):
 PSYoungGen      total 68608K, used 15850K [0x00000000e0000000, 0x00000000e5c80000, 0x0000000100000000)
  eden space 52736K, 0% used [0x00000000e0000000,0x00000000e0000000,0x00000000e3380000)
  from space 15872K, 99% used [0x00000000e4280000,0x00000000e51fa878,0x00000000e5200000)
  to   space 15360K, 0% used [0x00000000e3380000,0x00000000e3380000,0x00000000e4280000)
 ParOldGen       total 71168K, used 22571K [0x00000000a0000000, 0x00000000a4580000, 0x00000000e0000000)
  object space 71168K, 31% used [0x00000000a0000000,0x00000000a160acf0,0x00000000a4580000)
 Metaspace       used 43046K, capacity 43772K, committed 44288K, reserved 1087488K
  class space    used 5395K, capacity 5583K, committed 5632K, reserved 1048576K
}

